
   ___ _                 _                    
  / __\ | ___  _   _  __| |_ __ _____   _____ 
 / /  | |/ _ \| | | |/ _  | '__/ _ \ \ / / _ \	
/ /___| | (_) | |_| | (_| | | |  __/\ V /  __/
\____/|_|\___/ \__,_|\__,_|_|  \___| \_/ \___|

   V3.8.3  Commit #88409cc  Pro=false
================================================

[Info]    2026-04-18 16:15:17 Initializing database connection...
[Info]    2026-04-18 16:15:17 Database version fulfilled, skip schema migration.
[Info]    2026-04-18 16:15:17 Restored 17 items from "temp/cache_persist.bin" into memory cache.
[Info]    2026-04-18 16:15:17 Initialize task queue with WorkerNum = 2
[Info]    2026-04-18 16:15:17 Initialize crontab jobs...
[Info]    2026-04-18 16:15:17 Current running mode: Master.
[Info]    2026-04-18 16:15:17 Listening to ":5213"
[Info]    2026-04-18 16:15:20 有新的版本 [4.15.0] 可用，下载：https://github.com/cloudreve/cloudreve/releases/tag/4.15.0
[Info]    2026-04-18 17:00:16 Crontab job "cron_garbage_collect" complete.
[Info]    2026-04-18 17:46:02 Crontab job "cron_recycle_upload_session" complete.
[Info]    2026-04-18 18:00:11 Crontab job "cron_garbage_collect" complete.
[Info]    2026-04-18 19:01:22 Crontab job "cron_garbage_collect" complete.
[Info]    2026-04-18 19:17:11 Crontab job "cron_recycle_upload_session" complete.
[Info]    2026-04-18 20:02:51 Crontab job "cron_garbage_collect" complete.
[Info]    2026-04-18 20:47:11 Crontab job "cron_recycle_upload_session" complete.
[Info]    2026-04-18 21:00:00 Crontab job "cron_garbage_collect" complete.
[Info]    2026-04-18 22:16:15 Crontab job "cron_garbage_collect" complete.
[Info]    2026-04-18 22:17:25 Crontab job "cron_recycle_upload_session" complete.
[Info]    2026-04-18 23:14:46 Crontab job "cron_garbage_collect" complete.
[Info]    2026-04-18 23:53:23 Crontab job "cron_recycle_upload_session" complete.
[Info]    2026-04-19 00:01:20 Crontab job "cron_garbage_collect" complete.
[Info]    2026-04-19 01:31:51 Crontab job "cron_garbage_collect" complete.
[Info]    2026-04-19 01:31:51 Crontab job "cron_recycle_upload_session" complete.
[Info]    2026-04-19 02:13:52 Crontab job "cron_garbage_collect" complete.
[Info]    2026-04-19 03:02:34 Crontab job "cron_garbage_collect" complete.
[Info]    2026-04-19 03:02:34 Crontab job "cron_recycle_upload_session" complete.
[Info]    2026-04-19 04:00:32 Crontab job "cron_garbage_collect" complete.
[Info]    2026-04-19 04:33:23 Crontab job "cron_recycle_upload_session" complete.
[Info]    2026-04-19 05:00:11 Crontab job "cron_garbage_collect" complete.
[Info]    2026-04-19 05:10:38 Signal terminated received, shutting down server...
[Error]   2026-04-19 05:10:38 Failed to listen to ":5213": http: Server closed
